Microsoft (R) Macro Assembler Version 6.11		    02/26/22 17:55:22
loop_bx.asm						     Page 1 - 1


				assume cs:code
 0000				code segment
 0000  B8 FFFF			  mov ax,0ffffh
 0003  8E D8			  mov ds,ax
 0005  BB 0000			  mov bx,0
 0008  BA 0000			  mov dx,0
 000B  B9 000C			  mov cx,12
 000E  8A 07			s: mov al,[bx]
 0010  B4 00			   mov ah,0
 0012  03 D0			   add dx,ax
 0014  43			   inc bx
 0015  E2 F7			   loop s
 0017  B8 4C00			   mov ax,4c00h
 001A  CD 21			   int 21h
 001C				code ends
				end
Microsoft (R) Macro Assembler Version 6.11		    02/26/22 17:55:22
loop_bx.asm						     Symbols 2 - 1




Segments and Groups:

                N a m e                 Size     Length   Align   Combine Class

code . . . . . . . . . . . . . .	16 Bit	 001C	  Para	  Private 


Symbols:

                N a m e                 Type     Value    Attr

s  . . . . . . . . . . . . . . .	L Near	 000E	  code	

	   0 Warnings
	   0 Errors
